<?xml version="1.0" encoding="UTF-8"?>
<!-- Generated by org.testng.reporters.JUnitXMLReporter -->
<testsuite hostname="DESKTOP-53SDACD" ignored="0" name="Logout" tests="2" failures="1" timestamp="30 May 2019 03:03:51 GMT" time="0.025" errors="0">
  <testcase name="demoTest1" time="0.004" classname="testpack.TestNGAnnotations">
    <failure type="java.lang.AssertionError" message="expected [true] but found [false]">
      <![CDATA[java.lang.AssertionError: expected [true] but found [false]
at testpack.TestNGAnnotations.demoTest1(TestNGAnnotations.java:26)
... Removed 29 stack frames]]>
    </failure>
  </testcase> <!-- demoTest1 -->
  <testcase name="demoTest" time="0.003" classname="testpack.TestNGAnnotations"/>
</testsuite> <!-- Logout -->
